Started GET "/" for ::1 at 2020-02-28 14:56:31 -0800

PG::ConnectionBad - FATAL:  database "Dischord_development" does not exist
:

Started POST "/__better_errors/a7985fa58bb89d66/variables" for ::1 at 2020-02-28 14:56:31 -0800
  [1m[35m (422.4ms)[0m  [1m[35mCREATE DATABASE "Dischord_development" ENCODING = 'unicode'[0m
  ↳ bin/rails:9
  [1m[35m (300.2ms)[0m  [1m[35mCREATE DATABASE "Dischord_test" ENCODING = 'unicode'[0m
  ↳ bin/rails:9
Started GET "/" for ::1 at 2020-02-28 14:56:58 -0800
Processing by Rails::WelcomeController#index as HTML
  Rendering /home/sionar/.rbenv/versions/2.5.1/lib/ruby/gems/2.5.0/gems/railties-5.2.4.1/lib/rails/templates/rails/welcome/index.html.erb
  Rendered /home/sionar/.rbenv/versions/2.5.1/lib/ruby/gems/2.5.0/gems/railties-5.2.4.1/lib/rails/templates/rails/welcome/index.html.erb (1.6ms)
Completed 200 OK in 4ms (Views: 3.4ms | ActiveRecord: 0.0ms)


  [1m[35m (24.6ms)[0m  [1m[35mCREATE TABLE "schema_migrations" ("version" character varying NOT NULL PRIMARY KEY)[0m
  ↳ bin/rails:9
  [1m[35m (18.2ms)[0m  [1m[35mCREATE TABLE "ar_internal_metadata" ("key" character varying NOT NULL PRIMARY KEY, "value" character varying, "created_at" timestamp NOT NULL, "updated_at" timestamp NOT NULL)[0m
  ↳ bin/rails:9
  [1m[35m (0.4ms)[0m  [1m[34mSELECT pg_try_advisory_lock(6565086532589733750)[0m
  ↳ bin/rails:9
  [1m[35m (0.9ms)[0m  [1m[34mSELECT "schema_migrations"."version" FROM "schema_migrations" ORDER BY "schema_migrations"."version" ASC[0m
  ↳ bin/rails:9
Migrating to CreateUsers (20200228231627)
  [1m[35m (0.3ms)[0m  [1m[35mBEGIN[0m
  ↳ bin/rails:9
  [1m[35m (20.0ms)[0m  [1m[35mCREATE TABLE "users" ("id" bigserial primary key, "email" character varying NOT NULL, "username" character varying NOT NULL, "usertag" integer NOT NULL, "password_digest" character varying NOT NULL, "session_token" character varying NOT NULL, "created_at" timestamp NOT NULL, "updated_at" timestamp NOT NULL)[0m
  ↳ db/migrate/20200228231627_create_users.rb:3
  [1m[35m (6.8ms)[0m  [1m[35mCREATE  INDEX  "index_users_on_username_and_usertag" ON "users"  ("username", "usertag")[0m
  ↳ db/migrate/20200228231627_create_users.rb:11
  [1m[36mActiveRecord::SchemaMigration Create (0.3ms)[0m  [1m[32mINSERT INTO "schema_migrations" ("version") VALUES ($1) RETURNING "version"[0m  [["version", "20200228231627"]]
  ↳ bin/rails:9
  [1m[35m (3.2ms)[0m  [1m[35mCOMMIT[0m
  ↳ bin/rails:9
  [1m[36mActiveRecord::InternalMetadata Load (0.3ms)[0m  [1m[34mSELECT  "ar_internal_metadata".* FROM "ar_internal_metadata" WHERE "ar_internal_metadata"."key" = $1 LIMIT $2[0m  [["key", "environment"], ["LIMIT", 1]]
  ↳ bin/rails:9
  [1m[35m (0.1ms)[0m  [1m[35mBEGIN[0m
  ↳ bin/rails:9
  [1m[36mActiveRecord::InternalMetadata Create (0.3ms)[0m  [1m[32mINSERT INTO "ar_internal_metadata" ("key", "value", "created_at", "updated_at") VALUES ($1, $2, $3, $4) RETURNING "key"[0m  [["key", "environment"], ["value", "development"], ["created_at", "2020-02-28 23:20:39.211405"], ["updated_at", "2020-02-28 23:20:39.211405"]]
  ↳ bin/rails:9
  [1m[35m (3.4ms)[0m  [1m[35mCOMMIT[0m
  ↳ bin/rails:9
  [1m[35m (0.2ms)[0m  [1m[34mSELECT pg_advisory_unlock(6565086532589733750)[0m
  ↳ bin/rails:9
  [1m[35m (0.2ms)[0m  [1m[34mSELECT "schema_migrations"."version" FROM "schema_migrations" ORDER BY "schema_migrations"."version" ASC[0m
  ↳ bin/rails:9
Started GET "/" for ::1 at 2020-02-28 15:32:15 -0800
  [1m[35m (0.3ms)[0m  [1m[34mSELECT "schema_migrations"."version" FROM "schema_migrations" ORDER BY "schema_migrations"."version" ASC[0m
  ↳ /home/sionar/.rbenv/versions/2.5.1/lib/ruby/gems/2.5.0/gems/activerecord-5.2.4.1/lib/active_record/log_subscriber.rb:98
Processing by StaticPagesController#root as HTML
  Rendering static_pages/root.html.erb within layouts/application
  Rendered static_pages/root.html.erb within layouts/application (0.2ms)
Completed 200 OK in 540ms (Views: 540.0ms | ActiveRecord: 0.0ms)


Started GET "/" for ::1 at 2020-02-28 15:32:34 -0800
Processing by StaticPagesController#root as HTML
  Rendering static_pages/root.html.erb within layouts/application
  Rendered static_pages/root.html.erb within layouts/application (0.6ms)
Completed 200 OK in 27ms (Views: 26.2ms | ActiveRecord: 0.0ms)


  [1m[35m (0.2ms)[0m  [1m[34mSELECT pg_try_advisory_lock(6565086532589733750)[0m
  ↳ bin/rails:9
  [1m[35m (0.3ms)[0m  [1m[34mSELECT "schema_migrations"."version" FROM "schema_migrations" ORDER BY "schema_migrations"."version" ASC[0m
  ↳ bin/rails:9
Migrating to AddIndexToUsers (20200228234417)
  [1m[35m (0.1ms)[0m  [1m[35mBEGIN[0m
  ↳ bin/rails:9
  [1m[35m (8.2ms)[0m  [1m[35mCREATE  INDEX  "index_users_on_email" ON "users"  ("email")[0m
  ↳ db/migrate/20200228234417_add_index_to_users.rb:3
  [1m[36mActiveRecord::SchemaMigration Create (0.2ms)[0m  [1m[32mINSERT INTO "schema_migrations" ("version") VALUES ($1) RETURNING "version"[0m  [["version", "20200228234417"]]
  ↳ bin/rails:9
  [1m[35m (3.3ms)[0m  [1m[35mCOMMIT[0m
  ↳ bin/rails:9
  [1m[36mActiveRecord::InternalMetadata Load (0.2ms)[0m  [1m[34mSELECT  "ar_internal_metadata".* FROM "ar_internal_metadata" WHERE "ar_internal_metadata"."key" = $1 LIMIT $2[0m  [["key", "environment"], ["LIMIT", 1]]
  ↳ bin/rails:9
  [1m[35m (0.1ms)[0m  [1m[35mBEGIN[0m
  ↳ bin/rails:9
  [1m[35m (0.1ms)[0m  [1m[35mCOMMIT[0m
  ↳ bin/rails:9
  [1m[35m (0.2ms)[0m  [1m[34mSELECT pg_advisory_unlock(6565086532589733750)[0m
  ↳ bin/rails:9
  [1m[35m (0.1ms)[0m  [1m[34mSELECT "schema_migrations"."version" FROM "schema_migrations" ORDER BY "schema_migrations"."version" ASC[0m
  ↳ bin/rails:9
  [1m[35m (0.3ms)[0m  [1m[34mSELECT "schema_migrations"."version" FROM "schema_migrations" ORDER BY "schema_migrations"."version" ASC[0m
  ↳ /home/sionar/.rbenv/versions/2.5.1/bin/annotate:23
Started POST "/api/users" for ::1 at 2020-02-28 16:27:29 -0800
  [1m[35m (0.9ms)[0m  [1m[34mSELECT "schema_migrations"."version" FROM "schema_migrations" ORDER BY "schema_migrations"."version" ASC[0m
  ↳ /home/sionar/.rbenv/versions/2.5.1/lib/ruby/gems/2.5.0/gems/activerecord-5.2.4.1/lib/active_record/log_subscriber.rb:98
Processing by Api::UsersController#create as JSON
  Parameters: {"user"=>{"username"=>"sionar", "email"=>"tonyyye@gmail.com", "password"=>"[FILTERED]"}}
Completed 500 Internal Server Error in 8ms (ActiveRecord: 1.8ms)



PG::UndefinedColumn - ERROR:  column users.user_id does not exist
LINE 1: SELECT  "users".* FROM "users" WHERE "users"."user_id" = $1 ...
                                             ^
HINT:  Perhaps you meant to reference the column "users.usertag".
:
  app/controllers/api/users_controller.rb:19:in `user_params'
  app/controllers/api/users_controller.rb:3:in `create'

Started POST "/api/users" for ::1 at 2020-02-28 16:28:05 -0800
Processing by Api::UsersController#create as JSON
  Parameters: {"user"=>{"username"=>"sionar", "email"=>"tonyyye@gmail.com", "password"=>"[FILTERED]"}}
  [1m[36mUser Load (1.0ms)[0m  [1m[34mSELECT  "users".* FROM "users" WHERE "users"."username" = $1 AND "users"."usertag" = $2 LIMIT $3[0m  [["username", "sionar"], ["usertag", 6472], ["LIMIT", 1]]
  ↳ app/controllers/api/users_controller.rb:19
  [1m[35m (0.4ms)[0m  [1m[35mBEGIN[0m
  ↳ app/controllers/api/users_controller.rb:4
  [1m[36mUser Exists (0.5ms)[0m  [1m[34mSELECT  1 AS one FROM "users" WHERE "users"."email" IS NULL LIMIT $1[0m  [["LIMIT", 1]]
  ↳ app/controllers/api/users_controller.rb:4
  [1m[35m (0.2ms)[0m  [1m[31mROLLBACK[0m
  ↳ app/controllers/api/users_controller.rb:4
Completed 500 Internal Server Error in 45083ms (ActiveRecord: 11.4ms)



ActionView::MissingTemplate - Missing template api/users/show, application/show with {:locale=>[:en], :formats=>[:json], :variants=>[], :handlers=>[:raw, :erb, :html, :builder, :ruby, :coffee, :jbuilder]}. Searched in:
  * "/home/sionar/Desktop/Dischord/app/views"
:
  app/controllers/api/users_controller.rb:9:in `create'

Started POST "/api/users" for ::1 at 2020-02-28 16:29:41 -0800
Processing by Api::UsersController#create as JSON
  Parameters: {"user"=>{"username"=>"sionar", "email"=>"tonyyye@gmail.com", "password"=>"[FILTERED]"}}
  [1m[36mUser Load (0.2ms)[0m  [1m[34mSELECT  "users".* FROM "users" WHERE "users"."username" = $1 AND "users"."usertag" = $2 LIMIT $3[0m  [["username", "sionar"], ["usertag", 6839], ["LIMIT", 1]]
  ↳ app/controllers/api/users_controller.rb:19
  [1m[35m (0.2ms)[0m  [1m[35mBEGIN[0m
  ↳ app/controllers/api/users_controller.rb:4
  [1m[36mUser Exists (0.3ms)[0m  [1m[34mSELECT  1 AS one FROM "users" WHERE "users"."email" = $1 LIMIT $2[0m  [["email", "tonyyye@gmail.com"], ["LIMIT", 1]]
  ↳ app/controllers/api/users_controller.rb:4
  [1m[36mUser Create (2.5ms)[0m  [1m[32mINSERT INTO "users" ("email", "username", "usertag", "password_digest", "session_token", "created_at", "updated_at") VALUES ($1, $2, $3, $4, $5, $6, $7) RETURNING "id"[0m  [["email", "tonyyye@gmail.com"], ["username", "sionar"], ["usertag", 6839], ["password_digest", "$2a$12$LXXVuSnhy5Z6/sE8rbLV7e9VGtkjQFUXe9utdobsj7AfqhFSA3DUe"], ["session_token", "ojf30edgw1ENbtq7MjLwbw"], ["created_at", "2020-02-29 00:29:41.553147"], ["updated_at", "2020-02-29 00:29:41.553147"]]
  ↳ app/controllers/api/users_controller.rb:4
  [1m[35m (1.0ms)[0m  [1m[35mCOMMIT[0m
  ↳ app/controllers/api/users_controller.rb:4
Completed 500 Internal Server Error in 206ms (ActiveRecord: 6.9ms)



ActionView::MissingTemplate - Missing template api/users/show, application/show with {:locale=>[:en], :formats=>[:json], :variants=>[], :handlers=>[:raw, :erb, :html, :builder, :ruby, :coffee, :jbuilder]}. Searched in:
  * "/home/sionar/Desktop/Dischord/app/views"
:
  app/controllers/api/users_controller.rb:6:in `create'

Started POST "/api/users" for ::1 at 2020-02-28 16:34:43 -0800
Processing by Api::UsersController#create as JSON
  Parameters: {"user"=>{"username"=>"sionar", "email"=>"tonyyye@gmail.com", "password"=>"[FILTERED]"}}
  [1m[36mUser Load (0.4ms)[0m  [1m[34mSELECT  "users".* FROM "users" WHERE "users"."username" = $1 AND "users"."usertag" = $2 LIMIT $3[0m  [["username", "sionar"], ["usertag", 5262], ["LIMIT", 1]]
  ↳ app/controllers/api/users_controller.rb:19
  [1m[35m (0.1ms)[0m  [1m[35mBEGIN[0m
  ↳ app/controllers/api/users_controller.rb:4
  [1m[36mUser Exists (0.3ms)[0m  [1m[34mSELECT  1 AS one FROM "users" WHERE "users"."email" = $1 LIMIT $2[0m  [["email", "tonyyye@gmail.com"], ["LIMIT", 1]]
  ↳ app/controllers/api/users_controller.rb:4
  [1m[35m (0.1ms)[0m  [1m[31mROLLBACK[0m
  ↳ app/controllers/api/users_controller.rb:4
  Rendering api/users/show.json.jbuilder
  Rendered api/users/_user.json.jbuilder (0.2ms)
  Rendered api/users/_errors.json.jbuilder (0.1ms)
  Rendered api/users/show.json.jbuilder (1.1ms)
Completed 422 Unprocessable Entity in 193ms (Views: 2.1ms | ActiveRecord: 0.9ms)


Started POST "/api/users" for ::1 at 2020-02-28 16:37:48 -0800
Processing by Api::UsersController#create as JSON
  Parameters: {"user"=>{"username"=>"sionar", "email"=>"tonyyye@gmail.com", "password"=>"[FILTERED]"}}
  [1m[36mUser Load (0.2ms)[0m  [1m[34mSELECT  "users".* FROM "users" WHERE "users"."username" = $1 AND "users"."usertag" = $2 LIMIT $3[0m  [["username", "sionar"], ["usertag", 3186], ["LIMIT", 1]]
  ↳ app/controllers/api/users_controller.rb:19
  [1m[35m (0.2ms)[0m  [1m[35mBEGIN[0m
  ↳ app/controllers/api/users_controller.rb:4
  [1m[36mUser Exists (0.3ms)[0m  [1m[34mSELECT  1 AS one FROM "users" WHERE "users"."email" = $1 LIMIT $2[0m  [["email", "tonyyye@gmail.com"], ["LIMIT", 1]]
  ↳ app/controllers/api/users_controller.rb:4
  [1m[35m (0.1ms)[0m  [1m[31mROLLBACK[0m
  ↳ app/controllers/api/users_controller.rb:4
  Rendering api/users/show.json.jbuilder
  Rendered api/users/_user.json.jbuilder (0.2ms)
  Rendered api/users/_errors.json.jbuilder (0.1ms)
  Rendered api/users/show.json.jbuilder (1.0ms)
Completed 422 Unprocessable Entity in 199ms (Views: 1.8ms | ActiveRecord: 0.7ms)


Started POST "/api/users" for ::1 at 2020-02-28 16:38:05 -0800
Processing by Api::UsersController#create as JSON
  Parameters: {"user"=>{"username"=>"sionar2", "email"=>"tonyyye2@gmail.com", "password"=>"[FILTERED]"}}
  [1m[36mUser Load (0.2ms)[0m  [1m[34mSELECT  "users".* FROM "users" WHERE "users"."username" = $1 AND "users"."usertag" = $2 LIMIT $3[0m  [["username", "sionar2"], ["usertag", 9298], ["LIMIT", 1]]
  ↳ app/controllers/api/users_controller.rb:19
  [1m[35m (0.2ms)[0m  [1m[35mBEGIN[0m
  ↳ app/controllers/api/users_controller.rb:4
  [1m[36mUser Exists (0.3ms)[0m  [1m[34mSELECT  1 AS one FROM "users" WHERE "users"."email" = $1 LIMIT $2[0m  [["email", "tonyyye2@gmail.com"], ["LIMIT", 1]]
  ↳ app/controllers/api/users_controller.rb:4
  [1m[36mUser Create (0.2ms)[0m  [1m[32mINSERT INTO "users" ("email", "username", "usertag", "password_digest", "session_token", "created_at", "updated_at") VALUES ($1, $2, $3, $4, $5, $6, $7) RETURNING "id"[0m  [["email", "tonyyye2@gmail.com"], ["username", "sionar2"], ["usertag", 9298], ["password_digest", "$2a$12$kM.O/t.ZhnRMGxKjVxk2Vuws/qh8dcF0uEqNbDpFY92LQolbwqswG"], ["session_token", "wNvea03qxvJbNI8Wmiyz8A"], ["created_at", "2020-02-29 00:38:05.663049"], ["updated_at", "2020-02-29 00:38:05.663049"]]
  ↳ app/controllers/api/users_controller.rb:4
  [1m[35m (2.1ms)[0m  [1m[35mCOMMIT[0m
  ↳ app/controllers/api/users_controller.rb:4
  Rendering api/users/show.json.jbuilder
  Rendered api/users/_user.json.jbuilder (0.2ms)
  Rendered api/users/_errors.json.jbuilder (0.1ms)
  Rendered api/users/show.json.jbuilder (1.0ms)
Completed 200 OK in 190ms (Views: 2.0ms | ActiveRecord: 3.0ms)


Started POST "/api/users" for ::1 at 2020-02-28 16:38:24 -0800
Processing by Api::UsersController#create as JSON
  Parameters: {"user"=>{"username"=>"sionar2", "email"=>"tonyyye3@gmail.com", "password"=>"[FILTERED]"}}
  [1m[36mUser Load (0.3ms)[0m  [1m[34mSELECT  "users".* FROM "users" WHERE "users"."username" = $1 AND "users"."usertag" = $2 LIMIT $3[0m  [["username", "sionar2"], ["usertag", 4984], ["LIMIT", 1]]
  ↳ app/controllers/api/users_controller.rb:19
  [1m[35m (0.1ms)[0m  [1m[35mBEGIN[0m
  ↳ app/controllers/api/users_controller.rb:4
  [1m[36mUser Exists (0.2ms)[0m  [1m[34mSELECT  1 AS one FROM "users" WHERE "users"."email" = $1 LIMIT $2[0m  [["email", "tonyyye3@gmail.com"], ["LIMIT", 1]]
  ↳ app/controllers/api/users_controller.rb:4
  [1m[36mUser Create (0.2ms)[0m  [1m[32mINSERT INTO "users" ("email", "username", "usertag", "password_digest", "session_token", "created_at", "updated_at") VALUES ($1, $2, $3, $4, $5, $6, $7) RETURNING "id"[0m  [["email", "tonyyye3@gmail.com"], ["username", "sionar2"], ["usertag", 4984], ["password_digest", "$2a$12$xUXPcGO6qzS1bLnZgjaWP.EPQbzwb022IxuS/nomwUDgpuVrdlAsy"], ["session_token", "Ja0nwpvUAWf2feKLA4II0g"], ["created_at", "2020-02-29 00:38:24.675568"], ["updated_at", "2020-02-29 00:38:24.675568"]]
  ↳ app/controllers/api/users_controller.rb:4
  [1m[35m (2.1ms)[0m  [1m[35mCOMMIT[0m
  ↳ app/controllers/api/users_controller.rb:4
  Rendering api/users/show.json.jbuilder
  Rendered api/users/_user.json.jbuilder (0.2ms)
  Rendered api/users/_errors.json.jbuilder (0.2ms)
  Rendered api/users/show.json.jbuilder (1.1ms)
Completed 200 OK in 194ms (Views: 2.0ms | ActiveRecord: 2.9ms)


  [1m[36mUser Load (0.3ms)[0m  [1m[34mSELECT "users".* FROM "users"[0m
Started GET "/" for ::1 at 2020-02-28 16:45:30 -0800
Processing by StaticPagesController#root as HTML
  Rendering static_pages/root.html.erb within layouts/application
  Rendered static_pages/root.html.erb within layouts/application (0.6ms)
Completed 200 OK in 460ms (Views: 459.5ms | ActiveRecord: 0.0ms)


Started POST "/api/session" for ::1 at 2020-02-28 16:46:11 -0800
Processing by Api::SessionsController#create as JSON
  Parameters: {"user"=>{"email"=>"tonyyye@gmail.com", "password"=>"[FILTERED]"}}
Completed 500 Internal Server Error in 9ms (ActiveRecord: 0.0ms)



NameError - undefined local variable or method `email' for #<Class:0x00007fc08dd025c8>:
  app/models/user.rb:25:in `find_by_credentials'
  app/controllers/api/sessions_controller.rb:3:in `create'

Started POST "/api/session" for ::1 at 2020-02-28 16:47:24 -0800
Processing by Api::SessionsController#create as JSON
  Parameters: {"user"=>{"email"=>"tonyyye@gmail.com", "password"=>"[FILTERED]"}}
  [1m[36mUser Load (0.3ms)[0m  [1m[34mSELECT  "users".* FROM "users" WHERE "users"."email" = $1 LIMIT $2[0m  [["email", "tonyyye@gmail.com"], ["LIMIT", 1]]
  ↳ app/models/user.rb:25
  [1m[35m (0.1ms)[0m  [1m[35mBEGIN[0m
  ↳ app/models/user.rb:40
  [1m[36mUser Exists (0.3ms)[0m  [1m[34mSELECT  1 AS one FROM "users" WHERE "users"."email" = $1 AND "users"."id" != $2 LIMIT $3[0m  [["email", "tonyyye@gmail.com"], ["id", 1], ["LIMIT", 1]]
  ↳ app/models/user.rb:40
  [1m[36mUser Update (0.2ms)[0m  [1m[33mUPDATE "users" SET "session_token" = $1, "updated_at" = $2 WHERE "users"."id" = $3[0m  [["session_token", "IndAovY9OrJ-X-PE5FMoHA"], ["updated_at", "2020-02-29 00:47:24.578464"], ["id", 1]]
  ↳ app/models/user.rb:40
  [1m[35m (2.1ms)[0m  [1m[35mCOMMIT[0m
  ↳ app/models/user.rb:40
  Rendering api/sessions/create.json.jbuilder
  Rendered api/users/_user.json.jbuilder (0.2ms)
  Rendered api/errors/_errors.json.jbuilder (0.2ms)
  Rendered api/sessions/create.json.jbuilder (1.0ms)
Completed 200 OK in 199ms (Views: 2.5ms | ActiveRecord: 5.9ms)


Started DELETE "/api/session" for ::1 at 2020-02-28 16:47:37 -0800
Processing by Api::SessionsController#destroy as JSON
  [1m[36mUser Load (0.2ms)[0m  [1m[34mSELECT  "users".* FROM "users" WHERE "users"."session_token" = $1 LIMIT $2[0m  [["session_token", "IndAovY9OrJ-X-PE5FMoHA"], ["LIMIT", 1]]
  ↳ app/controllers/application_controller.rb:7
  [1m[35m (0.2ms)[0m  [1m[35mBEGIN[0m
  ↳ app/models/user.rb:40
  [1m[36mUser Exists (0.3ms)[0m  [1m[34mSELECT  1 AS one FROM "users" WHERE "users"."email" = $1 AND "users"."id" != $2 LIMIT $3[0m  [["email", "tonyyye@gmail.com"], ["id", 1], ["LIMIT", 1]]
  ↳ app/models/user.rb:40
  [1m[36mUser Update (0.3ms)[0m  [1m[33mUPDATE "users" SET "session_token" = $1, "updated_at" = $2 WHERE "users"."id" = $3[0m  [["session_token", "YfHkamiykSDAkZMvob4EKw"], ["updated_at", "2020-02-29 00:47:37.511870"], ["id", 1]]
  ↳ app/models/user.rb:40
  [1m[35m (1.2ms)[0m  [1m[35mCOMMIT[0m
  ↳ app/models/user.rb:40
  Rendering api/sessions/destroy.json.jbuilder
  Rendered api/errors/_errors.json.jbuilder (0.2ms)
  Rendered api/sessions/destroy.json.jbuilder (1.0ms)
Completed 200 OK in 9ms (Views: 2.2ms | ActiveRecord: 2.1ms)


Started DELETE "/api/session" for ::1 at 2020-02-28 16:47:41 -0800
Processing by Api::SessionsController#destroy as JSON
  Rendering api/sessions/destroy.json.jbuilder
  Rendered api/errors/_errors.json.jbuilder (0.2ms)
  Rendered api/sessions/destroy.json.jbuilder (0.9ms)
Completed 404 Not Found in 2ms (Views: 1.9ms | ActiveRecord: 0.0ms)


